2025-06-16T00:50:20.693+09:00  WARN 63593 --- [HikariPool-25 housekeeper] com.zaxxer.hikari.pool.HikariPool        : HikariPool-25 - Thread starvation or clock leap detected (housekeeper delta=15m31s707ms).
2025-06-16T01:06:36.432+09:00  WARN 63593 --- [HikariPool-25 housekeeper] com.zaxxer.hikari.pool.HikariPool        : HikariPool-25 - Thread starvation or clock leap detected (housekeeper delta=16m15s740ms).
2025-06-16T01:26:57.952+09:00  WARN 63593 --- [HikariPool-25 housekeeper] com.zaxxer.hikari.pool.HikariPool        : HikariPool-25 - Thread starvation or clock leap detected (housekeeper delta=17m21s472ms).
2025-06-16T01:46:20.780+09:00  WARN 63593 --- [HikariPool-25 housekeeper] com.zaxxer.hikari.pool.HikariPool        : HikariPool-25 - Thread starvation or clock leap detected (housekeeper delta=17m52s805ms).
2025-06-16T02:05:15.645+09:00  WARN 63593 --- [HikariPool-25 housekeeper] com.zaxxer.hikari.pool.HikariPool        : HikariPool-25 - Thread starvation or clock leap detected (housekeeper delta=16m54s838ms).
2025-06-16T02:23:34.850+09:00  WARN 63593 --- [HikariPool-25 housekeeper] com.zaxxer.hikari.pool.HikariPool        : HikariPool-25 - Thread starvation or clock leap detected (housekeeper delta=17m19s108ms).
2025-06-16T02:33:25.845+09:00  WARN 63593 --- [HikariPool-25 housekeeper] com.zaxxer.hikari.pool.HikariPool        : HikariPool-25 - Thread starvation or clock leap detected (housekeeper delta=9m50s995ms).
2025-06-16T02:45:34.714+09:00  WARN 63593 --- [HikariPool-25 housekeeper] com.zaxxer.hikari.pool.HikariPool        : HikariPool-25 - Thread starvation or clock leap detected (housekeeper delta=10m8s831ms).
2025-06-16T03:05:46.720+09:00  WARN 63593 --- [HikariPool-25 housekeeper] com.zaxxer.hikari.pool.HikariPool        : HikariPool-25 - Thread starvation or clock leap detected (housekeeper delta=16m41s973ms).
2025-06-16T03:24:06.023+09:00  WARN 63593 --- [HikariPool-25 housekeeper] com.zaxxer.hikari.pool.HikariPool        : HikariPool-25 - Thread starvation or clock leap detected (housekeeper delta=16m19s234ms).
2025-06-16T03:40:09.595+09:00  WARN 63593 --- [HikariPool-25 housekeeper] com.zaxxer.hikari.pool.HikariPool        : HikariPool-25 - Thread starvation or clock leap detected (housekeeper delta=16m3s572ms).
2025-06-16T04:00:25.275+09:00  WARN 63593 --- [HikariPool-25 housekeeper] com.zaxxer.hikari.pool.HikariPool        : HikariPool-25 - Thread starvation or clock leap detected (housekeeper delta=15m45s661ms).
2025-06-16T04:16:28.691+09:00  WARN 63593 --- [HikariPool-25 housekeeper] com.zaxxer.hikari.pool.HikariPool        : HikariPool-25 - Thread starvation or clock leap detected (housekeeper delta=15m33s403ms).
2025-06-16T04:36:49.734+09:00  WARN 63593 --- [HikariPool-25 housekeeper] com.zaxxer.hikari.pool.HikariPool        : HikariPool-25 - Thread starvation or clock leap detected (housekeeper delta=17m21s7ms).
2025-06-16T04:56:08.326+09:00  WARN 63593 --- [HikariPool-25 housekeeper] com.zaxxer.hikari.pool.HikariPool        : HikariPool-25 - Thread starvation or clock leap detected (housekeeper delta=17m18s557ms).
2025-06-16T05:14:09.143+09:00  WARN 63593 --- [HikariPool-25 housekeeper] com.zaxxer.hikari.pool.HikariPool        : HikariPool-25 - Thread starvation or clock leap detected (housekeeper delta=16m791ms).
2025-06-16T05:32:17.211+09:00  WARN 63593 --- [HikariPool-25 housekeeper] com.zaxxer.hikari.pool.HikariPool        : HikariPool-25 - Thread starvation or clock leap detected (housekeeper delta=16m8s60ms).
2025-06-16T05:54:09.320+09:00  WARN 63593 --- [HikariPool-25 housekeeper] com.zaxxer.hikari.pool.HikariPool        : HikariPool-25 - Thread starvation or clock leap detected (housekeeper delta=17m52s66ms).
2025-06-16T06:11:05.789+09:00  WARN 63593 --- [HikariPool-25 housekeeper] com.zaxxer.hikari.pool.HikariPool        : HikariPool-25 - Thread starvation or clock leap detected (housekeeper delta=16m26s460ms).
2025-06-16T06:26:40.605+09:00  WARN 63593 --- [HikariPool-25 housekeeper] com.zaxxer.hikari.pool.HikariPool        : HikariPool-25 - Thread starvation or clock leap detected (housekeeper delta=15m34s816ms).
2025-06-16T06:31:12.054+09:00  WARN 63593 --- [HikariPool-25 housekeeper] com.zaxxer.hikari.pool.HikariPool        : HikariPool-25 - Thread starvation or clock leap detected (housekeeper delta=3m1s419ms).
2025-06-16T08:17:27.016+09:00  WARN 63593 --- [HikariPool-25 housekeeper] com.zaxxer.hikari.pool.HikariPool        : HikariPool-25 - Thread starvation or clock leap detected (housekeeper delta=1m43s558ms).
2025-06-16T08:32:08.706+09:00  WARN 63593 --- [HikariPool-25 housekeeper] com.zaxxer.hikari.pool.HikariPool        : HikariPool-25 - Thread starvation or clock leap detected (housekeeper delta=14m41s692ms).
2025-06-16T08:50:27.703+09:00  WARN 63593 --- [HikariPool-25 housekeeper] com.zaxxer.hikari.pool.HikariPool        : HikariPool-25 - Thread starvation or clock leap detected (housekeeper delta=18m18s997ms).
2025-06-16T09:00:23.403+09:00  WARN 63593 --- [HikariPool-25 housekeeper] com.zaxxer.hikari.pool.HikariPool        : HikariPool-25 - Thread starvation or clock leap detected (housekeeper delta=9m55s700ms).
2025-06-16T09:20:37.773+09:00  WARN 63593 --- [HikariPool-25 housekeeper] com.zaxxer.hikari.pool.HikariPool        : HikariPool-25 - Thread starvation or clock leap detected (housekeeper delta=20m14s369ms).
2025-06-16T09:33:12.432+09:00  WARN 63593 --- [HikariPool-25 housekeeper] com.zaxxer.hikari.pool.HikariPool        : HikariPool-25 - Thread starvation or clock leap detected (housekeeper delta=12m34s660ms).
2025-06-16T09:48:42.777+09:00  WARN 63593 --- [HikariPool-25 housekeeper] com.zaxxer.hikari.pool.HikariPool        : HikariPool-25 - Thread starvation or clock leap detected (housekeeper delta=15m30s344ms).
2025-06-16T10:04:17.184+09:00  WARN 63593 --- [HikariPool-25 housekeeper] com.zaxxer.hikari.pool.HikariPool        : HikariPool-25 - Thread starvation or clock leap detected (housekeeper delta=15m34s408ms).
2025-06-16T10:19:47.075+09:00  WARN 63593 --- [HikariPool-25 housekeeper] com.zaxxer.hikari.pool.HikariPool        : HikariPool-25 - Thread starvation or clock leap detected (housekeeper delta=15m29s891ms).
2025-06-16T10:34:15.434+09:00  WARN 63593 --- [HikariPool-25 housekeeper] com.zaxxer.hikari.pool.HikariPool        : HikariPool-25 - Thread starvation or clock leap detected (housekeeper delta=13m57s790ms).
2025-06-16T10:49:48.409+09:00  WARN 63593 --- [HikariPool-25 housekeeper] com.zaxxer.hikari.pool.HikariPool        : HikariPool-25 - Thread starvation or clock leap detected (housekeeper delta=15m32s973ms).
2025-06-16T10:58:29.849+09:00  WARN 63593 --- [HikariPool-25 housekeeper] com.zaxxer.hikari.pool.HikariPool        : HikariPool-25 - Thread starvation or clock leap detected (housekeeper delta=8m41s442ms).
2025-06-16T11:14:00.986+09:00  WARN 63593 --- [HikariPool-25 housekeeper] com.zaxxer.hikari.pool.HikariPool        : HikariPool-25 - Thread starvation or clock leap detected (housekeeper delta=15m31s137ms).
2025-06-16T11:29:31.805+09:00  WARN 63593 --- [HikariPool-25 housekeeper] com.zaxxer.hikari.pool.HikariPool        : HikariPool-25 - Thread starvation or clock leap detected (housekeeper delta=15m30s819ms).
2025-06-16T11:49:17.324+09:00  WARN 63593 --- [HikariPool-25 housekeeper] com.zaxxer.hikari.pool.HikariPool        : HikariPool-25 - Thread starvation or clock leap detected (housekeeper delta=19m45s519ms).
2025-06-16T12:04:48.357+09:00  WARN 63593 --- [HikariPool-25 housekeeper] com.zaxxer.hikari.pool.HikariPool        : HikariPool-25 - Thread starvation or clock leap detected (housekeeper delta=15m31s33ms).
2025-06-16T12:20:18.593+09:00  WARN 63593 --- [HikariPool-25 housekeeper] com.zaxxer.hikari.pool.HikariPool        : HikariPool-25 - Thread starvation or clock leap detected (housekeeper delta=15m30s236ms).
2025-06-16T12:35:13.951+09:00  WARN 63593 --- [HikariPool-25 housekeeper] com.zaxxer.hikari.pool.HikariPool        : HikariPool-25 - Thread starvation or clock leap detected (housekeeper delta=14m55s357ms).
2025-06-16T12:50:50.512+09:00  WARN 63593 --- [HikariPool-25 housekeeper] com.zaxxer.hikari.pool.HikariPool        : HikariPool-25 - Thread starvation or clock leap detected (housekeeper delta=15m36s562ms).
2025-06-16T13:06:21.204+09:00  WARN 63593 --- [HikariPool-25 housekeeper] com.zaxxer.hikari.pool.HikariPool        : HikariPool-25 - Thread starvation or clock leap detected (housekeeper delta=15m30s692ms).
2025-06-16T13:21:51.573+09:00  WARN 63593 --- [HikariPool-25 housekeeper] com.zaxxer.hikari.pool.HikariPool        : HikariPool-25 - Thread starvation or clock leap detected (housekeeper delta=15m30s368ms).
2025-06-16T13:36:22.439+09:00  WARN 63593 --- [HikariPool-25 housekeeper] com.zaxxer.hikari.pool.HikariPool        : HikariPool-25 - Thread starvation or clock leap detected (housekeeper delta=14m30s867ms).
2025-06-16T13:51:52.359+09:00  WARN 63593 --- [HikariPool-25 housekeeper] com.zaxxer.hikari.pool.HikariPool        : HikariPool-25 - Thread starvation or clock leap detected (housekeeper delta=15m29s920ms).
2025-06-16T14:07:23.541+09:00  WARN 63593 --- [HikariPool-25 housekeeper] com.zaxxer.hikari.pool.HikariPool        : HikariPool-25 - Thread starvation or clock leap detected (housekeeper delta=15m31s182ms).
2025-06-16T14:22:54.370+09:00  WARN 63593 --- [HikariPool-25 housekeeper] com.zaxxer.hikari.pool.HikariPool        : HikariPool-25 - Thread starvation or clock leap detected (housekeeper delta=15m30s828ms).
2025-06-16T14:37:31.034+09:00  WARN 63593 --- [HikariPool-25 housekeeper] com.zaxxer.hikari.pool.HikariPool        : HikariPool-25 - Thread starvation or clock leap detected (housekeeper delta=14m36s664ms).
2025-06-16T14:53:06.396+09:00  WARN 63593 --- [HikariPool-25 housekeeper] com.zaxxer.hikari.pool.HikariPool        : HikariPool-25 - Thread starvation or clock leap detected (housekeeper delta=15m35s363ms).
2025-06-16T15:08:37.154+09:00  WARN 63593 --- [HikariPool-25 housekeeper] com.zaxxer.hikari.pool.HikariPool        : HikariPool-25 - Thread starvation or clock leap detected (housekeeper delta=15m30s757ms).
2025-06-16T15:24:07.130+09:00  WARN 63593 --- [HikariPool-25 housekeeper] com.zaxxer.hikari.pool.HikariPool        : HikariPool-25 - Thread starvation or clock leap detected (housekeeper delta=15m29s977ms).
2025-06-16T15:53:36.278+09:00  WARN 63593 --- [HikariPool-25 housekeeper] com.zaxxer.hikari.pool.HikariPool        : HikariPool-25 - Thread starvation or clock leap detected (housekeeper delta=29m29s148ms).
2025-06-16T16:09:12.003+09:00  WARN 63593 --- [HikariPool-25 housekeeper] com.zaxxer.hikari.pool.HikariPool        : HikariPool-25 - Thread starvation or clock leap detected (housekeeper delta=15m35s724ms).
2025-06-16T16:24:43.374+09:00  WARN 63593 --- [HikariPool-25 housekeeper] com.zaxxer.hikari.pool.HikariPool        : HikariPool-25 - Thread starvation or clock leap detected (housekeeper delta=15m31s371ms).
2025-06-16T16:39:10.251+09:00  WARN 63593 --- [HikariPool-25 housekeeper] com.zaxxer.hikari.pool.HikariPool        : HikariPool-25 - Thread starvation or clock leap detected (housekeeper delta=14m26s878ms).
2025-06-16T16:49:19.483+09:00  WARN 63593 --- [HikariPool-25 housekeeper] com.zaxxer.hikari.pool.HikariPool        : HikariPool-25 - Thread starvation or clock leap detected (housekeeper delta=10m9s232ms).
2025-06-16T17:08:11.278+09:00  INFO 63593 --- [File Watcher] rtingClassPathChangeChangedEventListener : Restarting due to 1 class path change (0 additions, 0 deletions, 1 modification)
2025-06-16T17:08:11.308+09:00  INFO 63593 --- [Thread-104] j.LocalContainerEntityManagerFactoryBean : Closing JPA EntityManagerFactory for persistence unit 'default'
2025-06-16T17:08:11.310+09:00  INFO 63593 --- [Thread-104] com.zaxxer.hikari.HikariDataSource       : HikariPool-25 - Shutdown initiated...
2025-06-16T17:08:11.595+09:00  INFO 63593 --- [Thread-104] com.zaxxer.hikari.HikariDataSource       : HikariPool-25 - Shutdown completed.
2025-06-16T17:08:11.725+09:00  INFO 63593 --- [restartedMain] c.y.backend.BackendApplication           : Starting BackendApplication using Java 23.0.2 with PID 63593 (/Users/yangshangwei/Desktop/YoutubePlanner/BackendYTP/target/classes started by yangshangwei in /Users/yangshangwei/Desktop/YoutubePlanner/BackendYTP)
2025-06-16T17:08:11.725+09:00 DEBUG 63593 --- [restartedMain] c.y.backend.BackendApplication           : Running with Spring Boot v3.2.3, Spring v6.1.4
2025-06-16T17:08:11.725+09:00  INFO 63593 --- [restartedMain] c.y.backend.BackendApplication           : No active profile set, falling back to 1 default profile: "default"
2025-06-16T17:08:12.037+09:00  INFO 63593 --- [restartedMain] .s.d.r.c.RepositoryConfigurationDelegate : Bootstrapping Spring Data JPA repositories in DEFAULT mode.
2025-06-16T17:08:12.050+09:00  INFO 63593 --- [restartedMain] .s.d.r.c.RepositoryConfigurationDelegate : Finished Spring Data repository scanning in 12 ms. Found 4 JPA repository interfaces.
2025-06-16T17:08:12.200+09:00  INFO 63593 --- [restartedMain] o.s.b.w.embedded.tomcat.TomcatWebServer  : Tomcat initialized with port 8080 (http)
2025-06-16T17:08:12.202+09:00  INFO 63593 --- [restartedMain] o.apache.catalina.core.StandardService   : Starting service [Tomcat]
2025-06-16T17:08:12.202+09:00  INFO 63593 --- [restartedMain] o.apache.catalina.core.StandardEngine    : Starting Servlet engine: [Apache Tomcat/10.1.19]
2025-06-16T17:08:12.208+09:00  INFO 63593 --- [restartedMain] o.a.c.c.C.[Tomcat-4].[localhost].[/]     : Initializing Spring embedded WebApplicationContext
2025-06-16T17:08:12.208+09:00  INFO 63593 --- [restartedMain] w.s.c.ServletWebServerApplicationContext : Root WebApplicationContext: initialization completed in 480 ms
2025-06-16T17:08:12.317+09:00  INFO 63593 --- [restartedMain] o.hibernate.jpa.internal.util.LogHelper  : HHH000204: Processing PersistenceUnitInfo [name: default]
2025-06-16T17:08:12.319+09:00  INFO 63593 --- [restartedMain] o.h.c.internal.RegionFactoryInitiator    : HHH000026: Second-level cache disabled
2025-06-16T17:08:12.321+09:00  INFO 63593 --- [restartedMain] o.s.o.j.p.SpringPersistenceUnitInfo      : No LoadTimeWeaver setup: ignoring JPA class transformer
2025-06-16T17:08:12.322+09:00  INFO 63593 --- [restartedMain] com.zaxxer.hikari.HikariDataSource       : HikariPool-26 - Starting...
2025-06-16T17:08:12.736+09:00  INFO 63593 --- [restartedMain] com.zaxxer.hikari.pool.HikariPool        : HikariPool-26 - Added connection org.postgresql.jdbc.PgConnection@844c55e
2025-06-16T17:08:12.737+09:00  INFO 63593 --- [restartedMain] com.zaxxer.hikari.HikariDataSource       : HikariPool-26 - Start completed.
2025-06-16T17:08:12.777+09:00  WARN 63593 --- [restartedMain] org.hibernate.orm.deprecation            : HHH90000025: PostgreSQLDialect does not need to be specified explicitly using 'hibernate.dialect' (remove the property setting and it will be selected by default)
2025-06-16T17:08:12.977+09:00  INFO 63593 --- [restartedMain] o.h.e.t.j.p.i.JtaPlatformInitiator       : HHH000489: No JTA platform available (set 'hibernate.transaction.jta.platform' to enable JTA platform integration)
2025-06-16T17:08:13.344+09:00  INFO 63593 --- [restartedMain] j.LocalContainerEntityManagerFactoryBean : Initialized JPA EntityManagerFactory for persistence unit 'default'
2025-06-16T17:08:13.465+09:00 DEBUG 63593 --- [restartedMain] c.y.b.security.JwtAuthenticationFilter   : Filter 'jwtAuthenticationFilter' configured for use
2025-06-16T17:08:13.607+09:00 ERROR 63593 --- [restartedMain] c.y.b.script.service.ScriptServiceImpl   : === TEST LOG MESSAGE ===
2025-06-16T17:08:13.647+09:00  WARN 63593 --- [restartedMain] JpaBaseConfiguration$JpaWebConfiguration : spring.jpa.open-in-view is enabled by default. Therefore, database queries may be performed during view rendering. Explicitly configure spring.jpa.open-in-view to disable this warning
2025-06-16T17:08:13.854+09:00  INFO 63593 --- [restartedMain] o.s.b.a.e.web.EndpointLinksResolver      : Exposing 1 endpoint(s) beneath base path '/actuator'
2025-06-16T17:08:13.907+09:00  INFO 63593 --- [restartedMain] o.s.s.web.DefaultSecurityFilterChain     : Will secure any request with [org.springframework.security.web.session.DisableEncodeUrlFilter@c19afcd, org.springframework.security.web.context.request.async.WebAsyncManagerIntegrationFilter@6660754, org.springframework.security.web.context.SecurityContextHolderFilter@486c8c2b, org.springframework.security.web.header.HeaderWriterFilter@14895fd2, org.springframework.web.filter.CorsFilter@5696830d, org.springframework.security.web.authentication.logout.LogoutFilter@15c10ced, com.youtubeplanner.backend.security.JwtAuthenticationFilter@6c73bf7f, org.springframework.security.web.savedrequest.RequestCacheAwareFilter@39f5caf5, org.springframework.security.web.servletapi.SecurityContextHolderAwareRequestFilter@3fbba084, org.springframework.security.web.authentication.AnonymousAuthenticationFilter@2eedc4eb, org.springframework.security.web.session.SessionManagementFilter@449ef387, org.springframework.security.web.access.ExceptionTranslationFilter@40cd66fa, org.springframework.security.web.access.intercept.AuthorizationFilter@3517fc56]
2025-06-16T17:08:14.107+09:00  INFO 63593 --- [restartedMain] o.s.b.d.a.OptionalLiveReloadServer       : LiveReload server is running on port 35729
2025-06-16T17:08:14.123+09:00  INFO 63593 --- [restartedMain] o.s.b.w.embedded.tomcat.TomcatWebServer  : Tomcat started on port 8080 (http) with context path ''
2025-06-16T17:08:14.133+09:00  INFO 63593 --- [restartedMain] c.y.backend.BackendApplication           : Started BackendApplication in 2.447 seconds (process running for 51901.583)
2025-06-16T17:08:14.135+09:00  INFO 63593 --- [restartedMain] .ConditionEvaluationDeltaLoggingListener : Condition evaluation unchanged
